<?xml version="1.0" encoding="UTF-8"?>
<testsuite name="ru.netology.rest.MobileBankApiTestV1" tests="1" skipped="0" failures="0" errors="0" timestamp="2020-12-14T19:34:08" hostname="DESKTOP-LLD26OG" time="4.262">
  <properties/>
  <testcase name="shouldReturnDemoAccounts()" classname="ru.netology.rest.MobileBankApiTestV1" time="4.262"/>
  <system-out><![CDATA[]]></system-out>
  <system-err><![CDATA[]]></system-err>
</testsuite>
